<?xml version="1.0" encoding="UTF-8"?>
<robot generator="Robot 6.0.1 (Python 3.11.1 on win32)" generated="20231021 22:31:19.582" rpa="false" schemaversion="3">
<suite id="s1" name="Teste Casos" source="C:\Users\maria\OneDrive\Área de Trabalho\Projeto-Integrador-UNIVESP\teste casos.robot">
<test id="s1-t1" name="Caso 01 - Navegar a pagina inicial" line="9">
<kw name="Abrir o navegador" library="teste_resource" type="SETUP">
<kw name="Open Browser" library="SeleniumLibrary">
<arg>browser=chrome</arg>
<doc>Opens a new browser instance to the optional ``url``.</doc>
<msg timestamp="20231021 22:31:20.581" level="INFO">Opening browser 'chrome' to base url 'None'.</msg>
<status status="PASS" starttime="20231021 22:31:20.581" endtime="20231021 22:31:25.547"/>
</kw>
<kw name="Maximize Browser Window" library="SeleniumLibrary">
<doc>Maximizes current browser window.</doc>
<status status="PASS" starttime="20231021 22:31:25.547" endtime="20231021 22:31:25.738"/>
</kw>
<status status="PASS" starttime="20231021 22:31:20.581" endtime="20231021 22:31:25.739"/>
</kw>
<kw name="Dado que usuario entrar na pagina inicial" library="teste_resource">
<kw name="Go To" library="SeleniumLibrary">
<arg>url=file:///C:/Users/maria/OneDrive/%C3%81rea%20de%20Trabalho/Projeto-Integrador-UNIVESP/index1(pagina_inicial).html</arg>
<doc>Navigates the current browser window to the provided ``url``.</doc>
<msg timestamp="20231021 22:31:25.740" level="INFO">Opening url 'file:///C:/Users/maria/OneDrive/%C3%81rea%20de%20Trabalho/Projeto-Integrador-UNIVESP/index1(pagina_inicial).html'</msg>
<status status="PASS" starttime="20231021 22:31:25.740" endtime="20231021 22:31:26.709"/>
</kw>
<kw name="Wait Until Element Contains" library="SeleniumLibrary">
<arg>//button[contains(.,'Vamos começar !')]</arg>
<arg>Vamos começar</arg>
<doc>Waits until the element ``locator`` contains ``text``.</doc>
<status status="PASS" starttime="20231021 22:31:26.710" endtime="20231021 22:31:26.785"/>
</kw>
<status status="PASS" starttime="20231021 22:31:25.740" endtime="20231021 22:31:26.785"/>
</kw>
<kw name="Entao clicar no botao Vamos começar" library="teste_resource">
<kw name="Click Element" library="SeleniumLibrary">
<arg>//button[contains(.,'Vamos começar !')]</arg>
<doc>Click the element identified by ``locator``.</doc>
<msg timestamp="20231021 22:31:26.786" level="INFO">Clicking element '//button[contains(.,'Vamos começar !')]'.</msg>
<status status="PASS" starttime="20231021 22:31:26.785" endtime="20231021 22:31:26.933"/>
</kw>
<kw name="Sleep" library="BuiltIn">
<arg>5s</arg>
<doc>Pauses the test executed for the given time.</doc>
<msg timestamp="20231021 22:31:31.935" level="INFO">Slept 5 seconds</msg>
<status status="PASS" starttime="20231021 22:31:26.933" endtime="20231021 22:31:31.935"/>
</kw>
<status status="PASS" starttime="20231021 22:31:26.785" endtime="20231021 22:31:31.935"/>
</kw>
<kw name="Quando chegar na pagina o que voce encontra nessa plataforma, usuario explorara as paginas" library="teste_resource">
<kw name="Wait Until Element Is Visible" library="SeleniumLibrary">
<arg>//p[@class='plataforma'][contains(.,'O que você encontra nessa plataforma')]</arg>
<doc>Waits until the element ``locator`` is visible.</doc>
<status status="PASS" starttime="20231021 22:31:31.935" endtime="20231021 22:31:31.996"/>
</kw>
<status status="PASS" starttime="20231021 22:31:31.935" endtime="20231021 22:31:31.996"/>
</kw>
<kw name="Entao Clicar conheca nossa Missao, Visao valores E voltar" library="teste_resource">
<kw name="Click Element" library="SeleniumLibrary">
<arg>//div[@class='linkar text-body-secondary'][contains(.,'Conheça nossa missão, visão e valores')]</arg>
<doc>Click the element identified by ``locator``.</doc>
<msg timestamp="20231021 22:31:31.998" level="INFO">Clicking element '//div[@class='linkar text-body-secondary'][contains(.,'Conheça nossa missão, visão e valores')]'.</msg>
<status status="PASS" starttime="20231021 22:31:31.998" endtime="20231021 22:31:32.126"/>
</kw>
<kw name="Sleep" library="BuiltIn">
<arg>5s</arg>
<doc>Pauses the test executed for the given time.</doc>
<msg timestamp="20231021 22:31:37.127" level="INFO">Slept 5 seconds</msg>
<status status="PASS" starttime="20231021 22:31:32.126" endtime="20231021 22:31:37.127"/>
</kw>
<kw name="Wait Until Element Is Visible" library="SeleniumLibrary">
<arg>//h1[contains(.,'Quem Somos')]</arg>
<doc>Waits until the element ``locator`` is visible.</doc>
<status status="PASS" starttime="20231021 22:31:37.127" endtime="20231021 22:31:37.194"/>
</kw>
<kw name="Click Element" library="SeleniumLibrary">
<arg>//button[@class='voltar'][contains(.,'Voltar')]</arg>
<doc>Click the element identified by ``locator``.</doc>
<msg timestamp="20231021 22:31:37.195" level="INFO">Clicking element '//button[@class='voltar'][contains(.,'Voltar')]'.</msg>
<status status="PASS" starttime="20231021 22:31:37.194" endtime="20231021 22:31:37.298"/>
</kw>
<kw name="Sleep" library="BuiltIn">
<arg>5s</arg>
<doc>Pauses the test executed for the given time.</doc>
<msg timestamp="20231021 22:31:42.300" level="INFO">Slept 5 seconds</msg>
<status status="PASS" starttime="20231021 22:31:37.299" endtime="20231021 22:31:42.300"/>
</kw>
<status status="PASS" starttime="20231021 22:31:31.997" endtime="20231021 22:31:42.300"/>
</kw>
<kw name="Entao Clicar conheca Nossa Marca E voltar" library="teste_resource">
<kw name="Click Element" library="SeleniumLibrary">
<arg>//div[@class='linkar text-body-secondary'][contains(.,'Conheça mais sobre a platarfoma')]</arg>
<doc>Click the element identified by ``locator``.</doc>
<msg timestamp="20231021 22:31:42.306" level="INFO">Clicking element '//div[@class='linkar text-body-secondary'][contains(.,'Conheça mais sobre a platarfoma')]'.</msg>
<status status="PASS" starttime="20231021 22:31:42.304" endtime="20231021 22:31:42.482"/>
</kw>
<kw name="Sleep" library="BuiltIn">
<arg>5s</arg>
<doc>Pauses the test executed for the given time.</doc>
<msg timestamp="20231021 22:31:47.483" level="INFO">Slept 5 seconds</msg>
<status status="PASS" starttime="20231021 22:31:42.482" endtime="20231021 22:31:47.483"/>
</kw>
<kw name="Wait Until Element Is Visible" library="SeleniumLibrary">
<arg>//h1[contains(.,'Nossa Marca')]</arg>
<doc>Waits until the element ``locator`` is visible.</doc>
<status status="PASS" starttime="20231021 22:31:47.483" endtime="20231021 22:31:47.520"/>
</kw>
<kw name="Click Element" library="SeleniumLibrary">
<arg>//button[@class='voltar'][contains(.,'Voltar')]</arg>
<doc>Click the element identified by ``locator``.</doc>
<msg timestamp="20231021 22:31:47.521" level="INFO">Clicking element '//button[@class='voltar'][contains(.,'Voltar')]'.</msg>
<status status="PASS" starttime="20231021 22:31:47.520" endtime="20231021 22:31:47.622"/>
</kw>
<kw name="Sleep" library="BuiltIn">
<arg>5s</arg>
<doc>Pauses the test executed for the given time.</doc>
<msg timestamp="20231021 22:31:52.623" level="INFO">Slept 5 seconds</msg>
<status status="PASS" starttime="20231021 22:31:47.622" endtime="20231021 22:31:52.623"/>
</kw>
<status status="PASS" starttime="20231021 22:31:42.302" endtime="20231021 22:31:52.623"/>
</kw>
<kw name="Entao Clicar Conheça mais sobre os investimentos" library="teste_resource">
<kw name="Click Element" library="SeleniumLibrary">
<arg>//div[@class='linkar text-body-secondary'][contains(.,'Conheça mais sobre os investimentos e simule aqui!')]</arg>
<doc>Click the element identified by ``locator``.</doc>
<msg timestamp="20231021 22:31:52.624" level="INFO">Clicking element '//div[@class='linkar text-body-secondary'][contains(.,'Conheça mais sobre os investimentos e simule aqui!')]'.</msg>
<status status="PASS" starttime="20231021 22:31:52.624" endtime="20231021 22:31:52.800"/>
</kw>
<kw name="Sleep" library="BuiltIn">
<arg>5s</arg>
<doc>Pauses the test executed for the given time.</doc>
<msg timestamp="20231021 22:31:57.800" level="INFO">Slept 5 seconds</msg>
<status status="PASS" starttime="20231021 22:31:52.800" endtime="20231021 22:31:57.800"/>
</kw>
<kw name="Click Element" library="SeleniumLibrary">
<arg>//th[@scope='row'][contains(.,'CDB (Certificado de Depósito Bancário)')]</arg>
<doc>Click the element identified by ``locator``.</doc>
<msg timestamp="20231021 22:31:57.803" level="INFO">Clicking element '//th[@scope='row'][contains(.,'CDB (Certificado de Depósito Bancário)')]'.</msg>
<status status="PASS" starttime="20231021 22:31:57.800" endtime="20231021 22:31:58.002"/>
</kw>
<kw name="Sleep" library="BuiltIn">
<arg>5s</arg>
<doc>Pauses the test executed for the given time.</doc>
<msg timestamp="20231021 22:32:03.002" level="INFO">Slept 5 seconds</msg>
<status status="PASS" starttime="20231021 22:31:58.002" endtime="20231021 22:32:03.002"/>
</kw>
<status status="PASS" starttime="20231021 22:31:52.624" endtime="20231021 22:32:03.002"/>
</kw>
<kw name="Fechar o navegador" library="teste_resource" type="TEARDOWN">
<kw name="Capture Page Screenshot" library="SeleniumLibrary">
<doc>Takes a screenshot of the current page and embeds it into a log file.</doc>
<msg timestamp="20231021 22:32:03.456" level="INFO" html="true">&lt;/td&gt;&lt;/tr&gt;&lt;tr&gt;&lt;td colspan="3"&gt;&lt;a href="selenium-screenshot-1.png"&gt;&lt;img src="selenium-screenshot-1.png" width="800px"&gt;&lt;/a&gt;</msg>
<status status="PASS" starttime="20231021 22:32:03.002" endtime="20231021 22:32:03.457"/>
</kw>
<kw name="Close Browser" library="SeleniumLibrary">
<doc>Closes the current browser.</doc>
<status status="PASS" starttime="20231021 22:32:03.457" endtime="20231021 22:32:05.830"/>
</kw>
<status status="PASS" starttime="20231021 22:32:03.002" endtime="20231021 22:32:05.830"/>
</kw>
<status status="PASS" starttime="20231021 22:31:20.581" endtime="20231021 22:32:05.830"/>
</test>
<test id="s1-t2" name="Caso 02 - Investir" line="19">
<kw name="Abrir o navegador" library="teste_resource" type="SETUP">
<kw name="Open Browser" library="SeleniumLibrary">
<arg>browser=chrome</arg>
<doc>Opens a new browser instance to the optional ``url``.</doc>
<msg timestamp="20231021 22:32:05.830" level="INFO">Opening browser 'chrome' to base url 'None'.</msg>
<status status="PASS" starttime="20231021 22:32:05.830" endtime="20231021 22:32:07.594"/>
</kw>
<kw name="Maximize Browser Window" library="SeleniumLibrary">
<doc>Maximizes current browser window.</doc>
<status status="PASS" starttime="20231021 22:32:07.594" endtime="20231021 22:32:07.789"/>
</kw>
<status status="PASS" starttime="20231021 22:32:05.830" endtime="20231021 22:32:07.790"/>
</kw>
<kw name="Dado que usuario esta na pagina de investimentos" library="teste_resource">
<kw name="Go To" library="SeleniumLibrary">
<arg>url=file:///C:/Users/maria/OneDrive/%C3%81rea%20de%20Trabalho/Projeto-Integrador-UNIVESP/index10(calculadora).html</arg>
<doc>Navigates the current browser window to the provided ``url``.</doc>
<msg timestamp="20231021 22:32:07.798" level="INFO">Opening url 'file:///C:/Users/maria/OneDrive/%C3%81rea%20de%20Trabalho/Projeto-Integrador-UNIVESP/index10(calculadora).html'</msg>
<status status="PASS" starttime="20231021 22:32:07.797" endtime="20231021 22:32:08.170"/>
</kw>
<status status="PASS" starttime="20231021 22:32:07.790" endtime="20231021 22:32:08.174"/>
</kw>
<kw name="Entao preencher os valores e calcular" library="teste_resource">
<kw name="Input Text" library="SeleniumLibrary">
<arg>//input[contains(@name,'Investimento Inicial')]</arg>
<arg>1000</arg>
<doc>Types the given ``text`` into the text field identified by ``locator``.</doc>
<msg timestamp="20231021 22:32:08.175" level="INFO">Typing text '1000' into text field '//input[contains(@name,'Investimento Inicial')]'.</msg>
<msg timestamp="20231021 22:32:09.093" level="INFO" html="true">&lt;/td&gt;&lt;/tr&gt;&lt;tr&gt;&lt;td colspan="3"&gt;&lt;a href="selenium-screenshot-2.png"&gt;&lt;img src="selenium-screenshot-2.png" width="800px"&gt;&lt;/a&gt;</msg>
<msg timestamp="20231021 22:32:09.093" level="FAIL">Element with locator '//input[contains(@name,'Investimento Inicial')]' not found.</msg>
<status status="FAIL" starttime="20231021 22:32:08.175" endtime="20231021 22:32:09.109"/>
</kw>
<kw name="Input Text" library="SeleniumLibrary">
<arg>//input[contains(@name,'Investimento Mensal(aporte)')]</arg>
<arg>100</arg>
<doc>Types the given ``text`` into the text field identified by ``locator``.</doc>
<status status="NOT RUN" starttime="20231021 22:32:09.110" endtime="20231021 22:32:09.110"/>
</kw>
<kw name="Input Text" library="SeleniumLibrary">
<arg>//input[contains(@name,'Prazo(Meses)')]</arg>
<arg>12</arg>
<doc>Types the given ``text`` into the text field identified by ``locator``.</doc>
<status status="NOT RUN" starttime="20231021 22:32:09.110" endtime="20231021 22:32:09.110"/>
</kw>
<kw name="Click Element" library="SeleniumLibrary">
<arg>//button[@onclick='calcularRendaFixa()'][contains(.,'Calcular REVER')]</arg>
<doc>Click the element identified by ``locator``.</doc>
<status status="NOT RUN" starttime="20231021 22:32:09.110" endtime="20231021 22:32:09.111"/>
</kw>
<status status="FAIL" starttime="20231021 22:32:08.174" endtime="20231021 22:32:09.111"/>
</kw>
<kw name="Fechar o navegador" library="teste_resource" type="TEARDOWN">
<kw name="Capture Page Screenshot" library="SeleniumLibrary">
<doc>Takes a screenshot of the current page and embeds it into a log file.</doc>
<msg timestamp="20231021 22:32:09.816" level="INFO" html="true">&lt;/td&gt;&lt;/tr&gt;&lt;tr&gt;&lt;td colspan="3"&gt;&lt;a href="selenium-screenshot-3.png"&gt;&lt;img src="selenium-screenshot-3.png" width="800px"&gt;&lt;/a&gt;</msg>
<status status="PASS" starttime="20231021 22:32:09.113" endtime="20231021 22:32:09.816"/>
</kw>
<kw name="Close Browser" library="SeleniumLibrary">
<doc>Closes the current browser.</doc>
<status status="PASS" starttime="20231021 22:32:09.816" endtime="20231021 22:32:11.997"/>
</kw>
<status status="PASS" starttime="20231021 22:32:09.113" endtime="20231021 22:32:11.998"/>
</kw>
<status status="FAIL" starttime="20231021 22:32:05.830" endtime="20231021 22:32:11.998">Element with locator '//input[contains(@name,'Investimento Inicial')]' not found.</status>
</test>
<status status="FAIL" starttime="20231021 22:31:19.586" endtime="20231021 22:32:12.007"/>
</suite>
<statistics>
<total>
<stat pass="1" fail="1" skip="0">All Tests</stat>
</total>
<tag>
</tag>
<suite>
<stat pass="1" fail="1" skip="0" id="s1" name="Teste Casos">Teste Casos</stat>
</suite>
</statistics>
<errors>
</errors>
</robot>
